CREATE EXTENSION overflow;
-- smallint overflow checks
-- minimum int16 -32768
-- maximum int16 +32767
SELECT pg_add_int16_overflow(32767::smallint, 0::smallint);
 pg_add_int16_overflow 
-----------------------
 f
(1 row)

SELECT pg_add_int16_overflow(32767::smallint, 1::smallint);
 pg_add_int16_overflow 
-----------------------
 t
(1 row)

SELECT pg_sub_int16_overflow((-32768)::smallint, 0::smallint);
 pg_sub_int16_overflow 
-----------------------
 f
(1 row)

SELECT pg_sub_int16_overflow((-32768)::smallint, 1::smallint);
 pg_sub_int16_overflow 
-----------------------
 t
(1 row)

SELECT pg_mul_int16_overflow(32767::smallint, 1::smallint);
 pg_mul_int16_overflow 
-----------------------
 f
(1 row)

SELECT pg_mul_int16_overflow((-32768)::smallint, 1::smallint);
 pg_mul_int16_overflow 
-----------------------
 f
(1 row)

SELECT pg_mul_int16_overflow(32767::smallint, (-1)::smallint);
 pg_mul_int16_overflow 
-----------------------
 f
(1 row)

SELECT pg_mul_int16_overflow((-32768)::smallint, (-1)::smallint);
 pg_mul_int16_overflow 
-----------------------
 t
(1 row)

-- int overflow checks
-- minimum int32 -2147483648
-- maximum int32 +2147483647
SELECT pg_add_int32_overflow(2147483647, 0);
 pg_add_int32_overflow 
-----------------------
 f
(1 row)

SELECT pg_add_int32_overflow(2147483647, 1);
 pg_add_int32_overflow 
-----------------------
 t
(1 row)

SELECT pg_sub_int32_overflow(-2147483648, 0);
 pg_sub_int32_overflow 
-----------------------
 f
(1 row)

SELECT pg_sub_int32_overflow(-2147483648, 1);
 pg_sub_int32_overflow 
-----------------------
 t
(1 row)

SELECT pg_mul_int32_overflow(2147483647, 1);
 pg_mul_int32_overflow 
-----------------------
 f
(1 row)

SELECT pg_mul_int32_overflow(-2147483648, 1);
 pg_mul_int32_overflow 
-----------------------
 f
(1 row)

SELECT pg_mul_int32_overflow(2147483647, -1);
 pg_mul_int32_overflow 
-----------------------
 f
(1 row)

SELECT pg_mul_int32_overflow(-2147483648, -1);
 pg_mul_int32_overflow 
-----------------------
 t
(1 row)

-- bigint overflow checks
-- minimum int64 -9,223,372,036,854,775,808
-- maximum int64 +9,223,372,036,854,775,807
SELECT pg_add_int64_overflow(9223372036854775807::bigint, 0::bigint);
 pg_add_int64_overflow 
-----------------------
 f
(1 row)

SELECT pg_add_int64_overflow(9223372036854775807::bigint, 1::bigint);
 pg_add_int64_overflow 
-----------------------
 t
(1 row)

SELECT pg_sub_int64_overflow((-9223372036854775808)::bigint, 0::bigint);
 pg_sub_int64_overflow 
-----------------------
 f
(1 row)

SELECT pg_sub_int64_overflow((-9223372036854775808)::bigint, 1::bigint);
 pg_sub_int64_overflow 
-----------------------
 t
(1 row)

SELECT pg_mul_int64_overflow(9223372036854775807::bigint, 1::bigint);
 pg_mul_int64_overflow 
-----------------------
 f
(1 row)

SELECT pg_mul_int64_overflow((-9223372036854775808)::bigint, 1::bigint);
 pg_mul_int64_overflow 
-----------------------
 f
(1 row)

SELECT pg_mul_int64_overflow(9223372036854775807::bigint, (-1)::bigint);
 pg_mul_int64_overflow 
-----------------------
 f
(1 row)

SELECT pg_mul_int64_overflow((-9223372036854775808)::bigint, (-1)::bigint);
 pg_mul_int64_overflow 
-----------------------
 t
(1 row)

-- unsigned smallint overflow checks
-- maximum uint16 65535 => -1 as signed
SELECT pg_add_uint16_overflow((-1)::smallint, 0::smallint);
 pg_add_uint16_overflow 
------------------------
 f
(1 row)

SELECT pg_add_uint16_overflow((-1)::smallint, 1::smallint);
 pg_add_uint16_overflow 
------------------------
 t
(1 row)

SELECT pg_sub_uint16_overflow(0::smallint, 0::smallint);
 pg_sub_uint16_overflow 
------------------------
 f
(1 row)

SELECT pg_sub_uint16_overflow(0::smallint, 1::smallint);
 pg_sub_uint16_overflow 
------------------------
 t
(1 row)

SELECT pg_mul_uint16_overflow((-1)::smallint, 1::smallint);
 pg_mul_uint16_overflow 
------------------------
 f
(1 row)

SELECT pg_mul_uint16_overflow(0::smallint, 1::smallint);
 pg_mul_uint16_overflow 
------------------------
 f
(1 row)

SELECT pg_mul_uint16_overflow((-1)::smallint, (-1)::smallint);
 pg_mul_uint16_overflow 
------------------------
 t
(1 row)

SELECT pg_mul_uint16_overflow((0)::smallint, (-1)::smallint);
 pg_mul_uint16_overflow 
------------------------
 f
(1 row)

-- unsigned int overflow checks
-- maximum uint32 4294967295 => -1
SELECT pg_add_uint32_overflow(-1, 0);
 pg_add_uint32_overflow 
------------------------
 f
(1 row)

SELECT pg_add_uint32_overflow(-1, 1);
 pg_add_uint32_overflow 
------------------------
 t
(1 row)

SELECT pg_sub_uint32_overflow(0, 0);
 pg_sub_uint32_overflow 
------------------------
 f
(1 row)

SELECT pg_sub_uint32_overflow(0, 1);
 pg_sub_uint32_overflow 
------------------------
 t
(1 row)

SELECT pg_mul_uint32_overflow(-1, 1);
 pg_mul_uint32_overflow 
------------------------
 f
(1 row)

SELECT pg_mul_uint32_overflow(0, 1);
 pg_mul_uint32_overflow 
------------------------
 f
(1 row)

SELECT pg_mul_uint32_overflow(-1, -1);
 pg_mul_uint32_overflow 
------------------------
 t
(1 row)

SELECT pg_mul_uint32_overflow(0, -1);
 pg_mul_uint32_overflow 
------------------------
 f
(1 row)

-- unsigned bigint overflow checks
-- maximum uint64 18446744073709551615 => -1
SELECT pg_add_uint64_overflow((-1)::bigint, 0::bigint);
 pg_add_uint64_overflow 
------------------------
 f
(1 row)

SELECT pg_add_uint64_overflow((-1)::bigint, 1::bigint);
 pg_add_uint64_overflow 
------------------------
 t
(1 row)

SELECT pg_sub_uint64_overflow(0::bigint, 0::bigint);
 pg_sub_uint64_overflow 
------------------------
 f
(1 row)

SELECT pg_sub_uint64_overflow(0::bigint, 1::bigint);
 pg_sub_uint64_overflow 
------------------------
 t
(1 row)

SELECT pg_mul_uint64_overflow((-1)::bigint, 1::bigint);
 pg_mul_uint64_overflow 
------------------------
 f
(1 row)

SELECT pg_mul_uint64_overflow(0::bigint, 1::bigint);
 pg_mul_uint64_overflow 
------------------------
 f
(1 row)

SELECT pg_mul_uint64_overflow((-1)::bigint, (-1)::bigint);
 pg_mul_uint64_overflow 
------------------------
 t
(1 row)

SELECT pg_mul_uint64_overflow((0)::bigint, (-1)::bigint);
 pg_mul_uint64_overflow 
------------------------
 f
(1 row)

-- Conversion checks
-- int16, min and max values and invalid input
SELECT pg_string_to_int16('32767');
 pg_string_to_int16 
--------------------
              32767
(1 row)

SELECT pg_string_to_int16('32768');
ERROR:  value "32768" is out of range for type int16
SELECT pg_string_to_int16('-32768');
 pg_string_to_int16 
--------------------
             -32768
(1 row)

SELECT pg_string_to_int16('-32769');
ERROR:  value "-32769" is out of range for type int16
SELECT pg_string_to_int16('  -32769  ');
ERROR:  value "  -32769  " is out of range for type int16
SELECT pg_string_to_int16('  -32768  ');
 pg_string_to_int16 
--------------------
             -32768
(1 row)

SELECT pg_string_to_int16('  -12ad  ');
ERROR:  invalid input syntax for type int16: "  -12ad  "
-- int32, min and max values and invalid input
SELECT pg_string_to_int32('2147483647');
 pg_string_to_int32 
--------------------
         2147483647
(1 row)

SELECT pg_string_to_int32('2147483648');
ERROR:  value "2147483648" is out of range for type int32
SELECT pg_string_to_int32('-2147483648');
 pg_string_to_int32 
--------------------
        -2147483648
(1 row)

SELECT pg_string_to_int32('-2147483649');
ERROR:  value "-2147483649" is out of range for type int32
SELECT pg_string_to_int32('  -2147483648  ');
 pg_string_to_int32 
--------------------
        -2147483648
(1 row)

SELECT pg_string_to_int32('  -2147483649  ');
ERROR:  value "  -2147483649  " is out of range for type int32
SELECT pg_string_to_int32('  -12ad  ');
ERROR:  invalid input syntax for type int32: "  -12ad  "
-- int64, min and max values and invalid input
SELECT pg_string_to_int64('9223372036854775807');
 pg_string_to_int64  
---------------------
 9223372036854775807
(1 row)

SELECT pg_string_to_int64('9223372036854775808');
ERROR:  value "9223372036854775808" is out of range for type int64
SELECT pg_string_to_int64('-9223372036854775808');
  pg_string_to_int64  
----------------------
 -9223372036854775808
(1 row)

SELECT pg_string_to_int64('-9223372036854775809');
ERROR:  value "-9223372036854775809" is out of range for type int64
SELECT pg_string_to_int64('  -9223372036854775808  ');
  pg_string_to_int64  
----------------------
 -9223372036854775808
(1 row)

SELECT pg_string_to_int64('  -9223372036854775809  ');
ERROR:  value "  -9223372036854775809  " is out of range for type int64
SELECT pg_string_to_int64('  -12ad  ');
ERROR:  invalid input syntax for type int64: "  -12ad  "
-- uint16, min and max values and invalid input
SELECT pg_string_to_uint16('65535');
 pg_string_to_uint16 
---------------------
                  -1
(1 row)

SELECT pg_string_to_uint16('65536');
ERROR:  value "65536" is out of range for type uint16
SELECT pg_string_to_uint16('0');
 pg_string_to_uint16 
---------------------
                   0
(1 row)

SELECT pg_string_to_uint16('-1');
ERROR:  invalid input syntax for type uint16: "-1"
SELECT pg_string_to_uint16('  65535  ');
 pg_string_to_uint16 
---------------------
                  -1
(1 row)

SELECT pg_string_to_uint16('  65536  ');
ERROR:  value "  65536  " is out of range for type uint16
SELECT pg_string_to_uint16('  12ad  ');
ERROR:  invalid input syntax for type uint16: "  12ad  "
-- uint32, min and max values and invalid input
SELECT pg_string_to_uint32('4294967295');
 pg_string_to_uint32 
---------------------
                  -1
(1 row)

SELECT pg_string_to_uint32('4294967296');
ERROR:  value "4294967296" is out of range for type uint32
SELECT pg_string_to_uint32('0');
 pg_string_to_uint32 
---------------------
                   0
(1 row)

SELECT pg_string_to_uint32('-1');
ERROR:  invalid input syntax for type uint32: "-1"
SELECT pg_string_to_uint32('  4294967295  ');
 pg_string_to_uint32 
---------------------
                  -1
(1 row)

SELECT pg_string_to_uint32('  4294967296  ');
ERROR:  value "  4294967296  " is out of range for type uint32
SELECT pg_string_to_uint32('  12ad  ');
ERROR:  invalid input syntax for type uint32: "  12ad  "
-- uint64, min and max values and invalid input
SELECT pg_string_to_uint64('18446744073709551615');
 pg_string_to_uint64 
---------------------
                  -1
(1 row)

SELECT pg_string_to_uint64('18446744073709551616');
ERROR:  value "18446744073709551616" is out of range for type uint64
SELECT pg_string_to_uint64('0');
 pg_string_to_uint64 
---------------------
                   0
(1 row)

SELECT pg_string_to_uint64('-1');
ERROR:  invalid input syntax for type uint64: "-1"
SELECT pg_string_to_uint64('  18446744073709551615  ');
 pg_string_to_uint64 
---------------------
                  -1
(1 row)

SELECT pg_string_to_uint64('  18446744073709551616  ');
ERROR:  value "  18446744073709551616  " is out of range for type uint64
SELECT pg_string_to_uint64('  12ad  ');
ERROR:  invalid input syntax for type uint64: "  12ad  "
